<?xml version="1.0" encoding="UTF-8"?>
<beans xmlns="http://www.springframework.org/schema/beans" xmlns:xsi="http://www.w3.org/2001/XMLSchema-instance" xsi:schemaLocation=" http://www.springframework.org/schema/beans http://www.springframework.org/schema/beans/spring-beans.xsd http://camel.apache.org/schema/spring http://camel.apache.org/schema/spring/camel-spring.xsd"> 
    <bean id="myLoggingEventNotifier" class="test.MyLoggingSentEventNotifer" />

    <camelContext xmlns="http://camel.apache.org/schema/spring">

        <route>
            <from uri="direct:start" />
            <to uri="direct:bar" />
            <to uri="mock:result" />
        </route>

        <route>
            <from uri="direct:bar" />
            <delay>
                <constant>1000</constant>
            </delay>
        </route>

    </camelContext>
</beans>